<?xml version="1.0" encoding="utf-8"?><testsuites name="pytest tests"><testsuite name="pytest" errors="0" failures="0" skipped="0" tests="9" time="24.836" timestamp="2026-06-13T08:29:34.456898+00:00" hostname="agent-env-2cc8f399-7482-4250-8631-4cb6b8c3854a"><testcase classname="backend.tests.test_iteration2_features" name="test_caregiver_invite_create" time="1.051" /><testcase classname="backend.tests.test_iteration2_features" name="test_caregiver_invites_list" time="0.045" /><testcase classname="backend.tests.test_iteration2_features" name="test_public_caregiver_view_no_auth" time="0.107" /><testcase classname="backend.tests.test_iteration2_features" name="test_caregiver_invite_revoke" time="0.234" /><testcase classname="backend.tests.test_iteration2_features" name="test_public_caregiver_expired_returns_410" time="0.129" /><testcase classname="backend.tests.test_iteration2_features" name="test_pdf_export_returns_pdf" time="0.376" /><testcase classname="backend.tests.test_iteration2_features" name="test_pdf_export_not_found" time="0.102" /><testcase classname="backend.tests.test_iteration2_features" name="test_pill_check_basic" time="3.618" /><testcase classname="backend.tests.test_iteration2_features" name="test_pill_check_different_images_give_different_outputs" time="18.829" /></testsuite></testsuites>