<?xml version="1.0" encoding="utf-8"?><testsuites name="pytest tests"><testsuite name="pytest" errors="0" failures="1" skipped="0" tests="16" time="36.710" timestamp="2026-06-13T08:15:14.703712+00:00" hostname="agent-env-2cc8f399-7482-4250-8631-4cb6b8c3854a"><testcase classname="backend.tests.test_mediguard_backend" name="test_health" time="5.922" /><testcase classname="backend.tests.test_mediguard_backend" name="test_auth_me_unauthenticated" time="0.155" /><testcase classname="backend.tests.test_mediguard_backend" name="test_auth_me_with_token" time="0.103" /><testcase classname="backend.tests.test_mediguard_backend" name="test_upsert_profile_caregiver_required" time="0.045" /><testcase classname="backend.tests.test_mediguard_backend" name="test_get_profile" time="0.047" /><testcase classname="backend.tests.test_mediguard_backend" name="test_prescription_upload_real_ai" time="15.897" /><testcase classname="backend.tests.test_mediguard_backend" name="test_list_prescriptions" time="0.047" /><testcase classname="backend.tests.test_mediguard_backend" name="test_dose_events_created" time="0.049" /><testcase classname="backend.tests.test_mediguard_backend" name="test_dose_action_mark_taken" time="0.096" /><testcase classname="backend.tests.test_mediguard_backend" name="test_adherence_summary" time="0.053" /><testcase classname="backend.tests.test_mediguard_backend" name="test_dashboard" time="0.051" /><testcase classname="backend.tests.test_mediguard_backend" name="test_emergency_assess_bengaluru" time="5.424"><failure message="AssertionError: No OSM facilities returned: {'hospitals': [], 'clinics': [], 'pharmacies': []}&#10;assert ((0 + 0) + 0) &gt; 0&#10; +  where 0 = len([])&#10; +    where [] = &lt;built-in method get of dict object at 0xfef436782600&gt;('hospitals', [])&#10; +      where &lt;built-in method get of dict object at 0xfef436782600&gt; = {'clinics': [], 'hospitals': [], 'pharmacies': []}.get&#10; +  and   0 = len([])&#10; +    where [] = &lt;built-in method get of dict object at 0xfef436782600&gt;('clinics', [])&#10; +      where &lt;built-in method get of dict object at 0xfef436782600&gt; = {'clinics': [], 'hospitals': [], 'pharmacies': []}.get&#10; +  and   0 = len([])&#10; +    where [] = &lt;built-in method get of dict object at 0xfef436782600&gt;('pharmacies', [])&#10; +      where &lt;built-in method get of dict object at 0xfef436782600&gt; = {'clinics': [], 'hospitals': [], 'pharmacies': []}.get">backend/tests/test_mediguard_backend.py:202: in test_emergency_assess_bengaluru
    assert (len(fac.get("hospitals", [])) + len(fac.get("clinics", [])) + len(fac.get("pharmacies", []))) &gt; 0, \
E   AssertionError: No OSM facilities returned: {'hospitals': [], 'clinics': [], 'pharmacies': []}
E   assert ((0 + 0) + 0) &gt; 0
E    +  where 0 = len([])
E    +    where [] = &lt;built-in method get of dict object at 0xfef436782600&gt;('hospitals', [])
E    +      where &lt;built-in method get of dict object at 0xfef436782600&gt; = {'clinics': [], 'hospitals': [], 'pharmacies': []}.get
E    +  and   0 = len([])
E    +    where [] = &lt;built-in method get of dict object at 0xfef436782600&gt;('clinics', [])
E    +      where &lt;built-in method get of dict object at 0xfef436782600&gt; = {'clinics': [], 'hospitals': [], 'pharmacies': []}.get
E    +  and   0 = len([])
E    +    where [] = &lt;built-in method get of dict object at 0xfef436782600&gt;('pharmacies', [])
E    +      where &lt;built-in method get of dict object at 0xfef436782600&gt; = {'clinics': [], 'hospitals': [], 'pharmacies': []}.get</failure></testcase><testcase classname="backend.tests.test_mediguard_backend" name="test_copilot_stream_sse" time="6.918" /><testcase classname="backend.tests.test_mediguard_backend" name="test_voice_tts" time="1.460" /><testcase classname="backend.tests.test_mediguard_backend" name="test_voice_transcribe_unauthenticated" time="0.131" /><testcase classname="backend.tests.test_mediguard_backend" name="test_caregiver_snapshot" time="0.055" /></testsuite></testsuites>